unity/DemoApp/Library/Bee/Android/Prj/IL2CPP/Gradle/launcher/build/intermediates/manifest_merge_blame_file/release/manifest-merger-blame-release-report.txt
1<?xml version="1.0" encoding="utf-8"?>
2<manifest xmlns:android="http://schemas.android.com/apk/res/android"
3    package="com.example.flutterunitywidget"
4    android:installLocation="preferExternal"
5    android:versionCode="1"
6    android:versionName="0.1" >
7
8    <uses-sdk
9        android:minSdkVersion="24"
9-->src\main\AndroidManifest.xml
10        android:targetSdkVersion="30" />
10-->src\main\AndroidManifest.xml
11
12    <supports-screens
12-->src\main\AndroidManifest.xml:3:3-163
13        android:anyDensity="true"
13-->src\main\AndroidManifest.xml:3:135-160
14        android:largeScreens="true"
14-->src\main\AndroidManifest.xml:3:78-105
15        android:normalScreens="true"
15-->src\main\AndroidManifest.xml:3:49-77
16        android:smallScreens="true"
16-->src\main\AndroidManifest.xml:3:21-48
17        android:xlargeScreens="true" />
17-->src\main\AndroidManifest.xml:3:106-134
18
19    <uses-feature android:glEsVersion="0x00020000" />
19-->[:unityLibrary] AndroidManifest.xml:12:5-54
19-->[:unityLibrary] AndroidManifest.xml:12:19-51
20
21    <uses-permission android:name="android.permission.INTERNET" />
21-->[:unityLibrary] AndroidManifest.xml:14:5-67
21-->[:unityLibrary] AndroidManifest.xml:14:22-64
22    <uses-permission android:name="android.permission.CAMERA" />
22-->[:unityLibrary] AndroidManifest.xml:15:5-65
22-->[:unityLibrary] AndroidManifest.xml:15:22-62
23
24    <uses-feature
24-->[:unityLibrary] AndroidManifest.xml:17:5-19:36
25        android:name="android.hardware.camera"
25-->[:unityLibrary] AndroidManifest.xml:18:9-47
26        android:required="true" />
26-->[:unityLibrary] AndroidManifest.xml:19:9-33
27    <uses-feature
27-->[:unityLibrary] AndroidManifest.xml:20:5-22:36
28        android:name="android.hardware.camera.autofocus"
28-->[:unityLibrary] AndroidManifest.xml:21:9-57
29        android:required="false" />
29-->[:unityLibrary] AndroidManifest.xml:22:9-33
30    <uses-feature
30-->[:unityLibrary] AndroidManifest.xml:23:5-25:36
31        android:name="android.hardware.camera.front"
31-->[:unityLibrary] AndroidManifest.xml:24:9-53
32        android:required="false" />
32-->[:unityLibrary] AndroidManifest.xml:25:9-33
33    <uses-feature
33-->[:unityLibrary] AndroidManifest.xml:26:5-28:36
34        android:name="android.hardware.touchscreen"
34-->[:unityLibrary] AndroidManifest.xml:27:9-52
35        android:required="false" />
35-->[:unityLibrary] AndroidManifest.xml:28:9-33
36    <uses-feature
36-->[:unityLibrary] AndroidManifest.xml:29:5-31:36
37        android:name="android.hardware.touchscreen.multitouch"
37-->[:unityLibrary] AndroidManifest.xml:30:9-63
38        android:required="false" />
38-->[:unityLibrary] AndroidManifest.xml:31:9-33
39    <uses-feature
39-->[:unityLibrary] AndroidManifest.xml:32:5-34:36
40        android:name="android.hardware.touchscreen.multitouch.distinct"
40-->[:unityLibrary] AndroidManifest.xml:33:9-72
41        android:required="false" />
41-->[:unityLibrary] AndroidManifest.xml:34:9-33
42    <uses-feature
42-->[:unityLibrary] AndroidManifest.xml:35:5-37:35
43        android:name="android.hardware.camera.ar"
43-->[:unityLibrary] AndroidManifest.xml:36:9-50
44        android:required="true" />
44-->[:unityLibrary] AndroidManifest.xml:37:9-32
45    <uses-feature
45-->[:unityLibrary] AndroidManifest.xml:38:5-40:35
46        android:name="com.google.ar.core.depth"
46-->[:unityLibrary] AndroidManifest.xml:39:9-48
47        android:required="true" />
47-->[:unityLibrary] AndroidManifest.xml:40:9-32
48
49    <queries>
49-->[:arcore_client:] AndroidManifest.xml:29:5-31:15
50        <package android:name="com.google.ar.core" />
50-->[:arcore_client:] AndroidManifest.xml:30:9-54
50-->[:arcore_client:] AndroidManifest.xml:30:18-51
51    </queries>
52
53    <uses-permission android:name="android.permission.ACCESS_NETWORK_STATE" />
53-->[:VuforiaWrapper:] AndroidManifest.xml:13:5-79
53-->[:VuforiaWrapper:] AndroidManifest.xml:13:22-76
54
55    <application
55-->src\main\AndroidManifest.xml:4:3-83
56        android:extractNativeLibs="true"
56-->[:unityLibrary] AndroidManifest.xml:42:18-50
57        android:icon="@mipmap/app_icon"
57-->src\main\AndroidManifest.xml:4:49-80
58        android:label="@string/app_name" >
58-->src\main\AndroidManifest.xml:4:16-48
59        <activity
59-->[:unityLibrary] AndroidManifest.xml:43:9-60:20
60            android:name="com.unity3d.player.UnityPlayerActivity"
60-->[:unityLibrary] AndroidManifest.xml:44:13-66
61            android:configChanges="mcc|mnc|locale|touchscreen|keyboard|keyboardHidden|navigation|orientation|screenLayout|uiMode|screenSize|smallestScreenSize|fontScale|layoutDirection|density"
61-->[:unityLibrary] AndroidManifest.xml:45:13-194
62            android:hardwareAccelerated="false"
62-->[:unityLibrary] AndroidManifest.xml:46:13-48
63            android:launchMode="singleTask"
63-->[:unityLibrary] AndroidManifest.xml:47:13-44
64            android:resizeableActivity="false"
64-->[:unityLibrary] AndroidManifest.xml:48:13-47
65            android:screenOrientation="userPortrait"
65-->[:unityLibrary] AndroidManifest.xml:49:13-53
66            android:theme="@style/UnityThemeSelector" >
66-->[:unityLibrary] AndroidManifest.xml:50:13-54
67            <intent-filter>
67-->[:unityLibrary] AndroidManifest.xml:51:13-55:29
68                <action android:name="android.intent.action.MAIN" />
68-->[:unityLibrary] AndroidManifest.xml:52:17-69
68-->[:unityLibrary] AndroidManifest.xml:52:25-66
69
70                <category android:name="android.intent.category.LAUNCHER" />
70-->[:unityLibrary] AndroidManifest.xml:54:17-77
70-->[:unityLibrary] AndroidManifest.xml:54:27-74
71            </intent-filter>
72
73            <meta-data
73-->[:unityLibrary] AndroidManifest.xml:57:13-59:40
74                android:name="unityplayer.UnityActivity"
74-->[:unityLibrary] AndroidManifest.xml:58:17-57
75                android:value="true" />
75-->[:unityLibrary] AndroidManifest.xml:59:17-37
76        </activity>
77
78        <meta-data
78-->[:unityLibrary] AndroidManifest.xml:62:9-64:33
79            android:name="unity.splash-mode"
79-->[:unityLibrary] AndroidManifest.xml:63:13-45
80            android:value="0" />
80-->[:unityLibrary] AndroidManifest.xml:64:13-30
81        <meta-data
81-->[:unityLibrary] AndroidManifest.xml:65:9-67:36
82            android:name="unity.splash-enable"
82-->[:unityLibrary] AndroidManifest.xml:66:13-47
83            android:value="True" />
83-->[:unityLibrary] AndroidManifest.xml:67:13-33
84        <meta-data
84-->[:unityLibrary] AndroidManifest.xml:68:9-70:37
85            android:name="unity.launch-fullscreen"
85-->[:unityLibrary] AndroidManifest.xml:69:13-51
86            android:value="False" />
86-->[:unityLibrary] AndroidManifest.xml:70:13-34
87        <meta-data
87-->[:unityLibrary] AndroidManifest.xml:71:9-73:37
88            android:name="unity.allow-resizable-window"
88-->[:unityLibrary] AndroidManifest.xml:72:13-56
89            android:value="False" />
89-->[:unityLibrary] AndroidManifest.xml:73:13-34
90        <meta-data
90-->[:unityLibrary] AndroidManifest.xml:74:9-76:36
91            android:name="unity.auto-report-fully-drawn"
91-->[:unityLibrary] AndroidManifest.xml:75:13-57
92            android:value="true" />
92-->[:unityLibrary] AndroidManifest.xml:76:13-33
93        <meta-data
93-->[:unityLibrary] AndroidManifest.xml:77:9-79:40
94            android:name="com.google.ar.core"
94-->[:unityLibrary] AndroidManifest.xml:78:13-46
95            android:value="required" />
95-->[:unityLibrary] AndroidManifest.xml:79:13-37
96        <meta-data
96-->[:unityLibrary] AndroidManifest.xml:80:9-82:36
97            android:name="unityplayer.SkipPermissionsDialog"
97-->[:unityLibrary] AndroidManifest.xml:81:13-61
98            android:value="true" /> <!-- The minimal version code of ARCore APK required for an app using this SDK. -->
98-->[:unityLibrary] AndroidManifest.xml:82:13-33
99        <meta-data
99-->[:arcore_client:] AndroidManifest.xml:36:9-38:41
100            android:name="com.google.ar.core.min_apk_version"
100-->[:arcore_client:] AndroidManifest.xml:37:13-62
101            android:value="210910000" /> <!-- This activity is critical for installing ARCore when it is not already present. -->
101-->[:arcore_client:] AndroidManifest.xml:38:13-38
102        <activity
102-->[:arcore_client:] AndroidManifest.xml:40:9-46:80
103            android:name="com.google.ar.core.InstallActivity"
103-->[:arcore_client:] AndroidManifest.xml:41:13-62
104            android:configChanges="keyboardHidden|orientation|screenSize"
104-->[:arcore_client:] AndroidManifest.xml:42:13-74
105            android:excludeFromRecents="true"
105-->[:arcore_client:] AndroidManifest.xml:43:13-46
106            android:exported="false"
106-->[:arcore_client:] AndroidManifest.xml:44:13-37
107            android:launchMode="singleTop"
107-->[:arcore_client:] AndroidManifest.xml:45:13-43
108            android:theme="@android:style/Theme.Material.Light.Dialog.Alert" />
108-->[:arcore_client:] AndroidManifest.xml:46:13-77
109    </application>
110
111</manifest>